25-03-08.19:49:34.681 [main            ] INFO  Application            - Starting Application using Java 1.8.0_422 on lixiangyangdeMacBook-Pro.local with PID 20556 (/Users/lixiangyang/Documents/project/java-project/ddd-archetype/app/target/classes started by lixiangyang in /Users/lixiangyang/Documents/project/java-project/ddd-archetype)
25-03-08.19:49:34.682 [main            ] INFO  Application            - The following 1 profile is active: "dev"
25-03-08.19:49:34.961 [main            ] INFO  TomcatWebServer        - Tomcat initialized with port(s): 8091 (http)
25-03-08.19:49:34.963 [main            ] INFO  Http11NioProtocol      - Initializing ProtocolHandler ["http-nio-8091"]
25-03-08.19:49:34.963 [main            ] INFO  StandardService        - Starting service [Tomcat]
25-03-08.19:49:34.963 [main            ] INFO  StandardEngine         - Starting Servlet engine: [Apache Tomcat/9.0.75]
25-03-08.19:49:34.985 [main            ] INFO  [/]                    - Initializing Spring embedded WebApplicationContext
25-03-08.19:49:34.985 [main            ] INFO  ServletWebServerApplicationContext - Root WebApplicationContext: initialization completed in 284 ms
25-03-08.19:49:35.073 [main            ] INFO  Http11NioProtocol      - Starting ProtocolHandler ["http-nio-8091"]
25-03-08.19:49:35.080 [main            ] INFO  TomcatWebServer        - Tomcat started on port(s): 8091 (http) with context path ''
25-03-08.19:49:35.084 [main            ] INFO  Application            - Started Application in 0.598 seconds (JVM running for 0.787)
25-03-08.19:58:25.595 [main            ] INFO  Application            - Starting Application using Java 1.8.0_422 on lixiangyangdeMacBook-Pro.local with PID 20857 (/Users/lixiangyang/Documents/project/java-project/ddd-archetype/app/target/classes started by lixiangyang in /Users/lixiangyang/Documents/project/java-project/ddd-archetype)
25-03-08.19:58:25.596 [main            ] INFO  Application            - The following 1 profile is active: "dev"
25-03-08.19:58:25.878 [main            ] INFO  TomcatWebServer        - Tomcat initialized with port(s): 8091 (http)
25-03-08.19:58:25.880 [main            ] INFO  Http11NioProtocol      - Initializing ProtocolHandler ["http-nio-8091"]
25-03-08.19:58:25.880 [main            ] INFO  StandardService        - Starting service [Tomcat]
25-03-08.19:58:25.880 [main            ] INFO  StandardEngine         - Starting Servlet engine: [Apache Tomcat/9.0.75]
25-03-08.19:58:25.904 [main            ] INFO  [/]                    - Initializing Spring embedded WebApplicationContext
25-03-08.19:58:25.904 [main            ] INFO  ServletWebServerApplicationContext - Root WebApplicationContext: initialization completed in 291 ms
25-03-08.19:58:25.993 [main            ] INFO  Http11NioProtocol      - Starting ProtocolHandler ["http-nio-8091"]
25-03-08.19:58:26.000 [main            ] INFO  TomcatWebServer        - Tomcat started on port(s): 8091 (http) with context path ''
25-03-08.19:58:26.004 [main            ] INFO  Application            - Started Application in 0.632 seconds (JVM running for 0.922)
25-03-08.21:02:31.895 [main            ] INFO  Application            - Starting Application using Java 1.8.0_422 on lixiangyangdeMacBook-Pro.local with PID 23672 (/Users/lixiangyang/Documents/project/java-project/ddd-archetype/ddd-app/target/classes started by lixiangyang in /Users/lixiangyang/Documents/project/java-project/ddd-archetype)
25-03-08.21:02:31.896 [main            ] INFO  Application            - The following 1 profile is active: "dev"
25-03-08.21:02:32.174 [main            ] INFO  TomcatWebServer        - Tomcat initialized with port(s): 8091 (http)
25-03-08.21:02:32.177 [main            ] INFO  Http11NioProtocol      - Initializing ProtocolHandler ["http-nio-8091"]
25-03-08.21:02:32.177 [main            ] INFO  StandardService        - Starting service [Tomcat]
25-03-08.21:02:32.177 [main            ] INFO  StandardEngine         - Starting Servlet engine: [Apache Tomcat/9.0.75]
25-03-08.21:02:32.199 [main            ] INFO  [/]                    - Initializing Spring embedded WebApplicationContext
25-03-08.21:02:32.199 [main            ] INFO  ServletWebServerApplicationContext - Root WebApplicationContext: initialization completed in 284 ms
25-03-08.21:02:32.293 [main            ] INFO  Http11NioProtocol      - Starting ProtocolHandler ["http-nio-8091"]
25-03-08.21:02:32.300 [main            ] INFO  TomcatWebServer        - Tomcat started on port(s): 8091 (http) with context path ''
25-03-08.21:02:32.304 [main            ] INFO  Application            - Started Application in 0.61 seconds (JVM running for 0.819)
25-03-08.21:12:41.813 [main            ] INFO  Application            - Starting Application using Java 1.8.0_422 on lixiangyangdeMacBook-Pro.local with PID 24359 (/Users/lixiangyang/Documents/project/java-project/ddd/ddd-app/target/classes started by lixiangyang in /Users/lixiangyang/Documents/project/java-project/ddd)
25-03-08.21:12:41.813 [main            ] INFO  Application            - The following 1 profile is active: "dev"
25-03-08.21:12:42.098 [main            ] INFO  TomcatWebServer        - Tomcat initialized with port(s): 8091 (http)
25-03-08.21:12:42.100 [main            ] INFO  Http11NioProtocol      - Initializing ProtocolHandler ["http-nio-8091"]
25-03-08.21:12:42.100 [main            ] INFO  StandardService        - Starting service [Tomcat]
25-03-08.21:12:42.100 [main            ] INFO  StandardEngine         - Starting Servlet engine: [Apache Tomcat/9.0.75]
25-03-08.21:12:42.125 [main            ] INFO  [/]                    - Initializing Spring embedded WebApplicationContext
25-03-08.21:12:42.125 [main            ] INFO  ServletWebServerApplicationContext - Root WebApplicationContext: initialization completed in 294 ms
25-03-08.21:12:42.217 [main            ] INFO  Http11NioProtocol      - Starting ProtocolHandler ["http-nio-8091"]
25-03-08.21:12:42.225 [main            ] INFO  TomcatWebServer        - Tomcat started on port(s): 8091 (http) with context path ''
25-03-08.21:12:42.228 [main            ] INFO  Application            - Started Application in 0.615 seconds (JVM running for 0.809)
